<?xml version="1.0" encoding="UTF-8"?>
<!-- Generated by org.testng.reporters.JUnitReportReporter -->
<testsuite hostname="LAPTOP-SS33S86Q" failures="0" tests="1" name="PacktTask.PacktTask.LandingPageTest" time="0.436" errors="0" timestamp="17 Jan 2022 20:16:50 GMT">
  <testcase classname="PacktTask.PacktTask.LandingPageTest" name="verifySignClick" time="0.436"/>
</testsuite> <!-- PacktTask.PacktTask.LandingPageTest -->
