<?xml version="1.0" encoding="UTF-8"?>
<!-- Generated by org.testng.reporters.JUnitReportReporter -->
<testsuite hostname="LAPTOP-SS33S86Q" failures="0" tests="1" name="PacktTask.PacktTask.LoginPageTest" time="0.539" errors="0" timestamp="17 Jan 2022 20:16:50 GMT">
  <testcase classname="PacktTask.PacktTask.LoginPageTest" name="login" time="0.539"/>
</testsuite> <!-- PacktTask.PacktTask.LoginPageTest -->
