<?xml version="1.0" encoding="UTF-8"?>
<!-- Generated by org.testng.reporters.JUnitReportReporter -->
<testsuite hostname="LAPTOP-SS33S86Q" name="PacktTask.PacktTask.LandingPageTest" tests="1" failures="0" timestamp="17 Jan 2022 10:21:57 GMT" time="0.479" errors="0">
  <testcase name="verifySignClick" time="0.479" classname="PacktTask.PacktTask.LandingPageTest"/>
</testsuite> <!-- PacktTask.PacktTask.LandingPageTest -->
