<?xml version="1.0" encoding="UTF-8"?>
<!-- Generated by org.testng.reporters.JUnitReportReporter -->
<testsuite hostname="LAPTOP-SS33S86Q" name="PacktTask.PacktTask.LoginPageTest" tests="1" failures="0" timestamp="16 Jan 2022 21:34:22 GMT" time="0.573" errors="0">
  <testcase name="login" time="0.573" classname="PacktTask.PacktTask.LoginPageTest"/>
</testsuite> <!-- PacktTask.PacktTask.LoginPageTest -->
