<?xml version="1.0" encoding="UTF-8"?>
<!-- Generated by org.testng.reporters.JUnitReportReporter -->
<testsuite hostname="LAPTOP-SS33S86Q" name="PacktTask.PacktTask.HomePageTest" tests="5" failures="0" timestamp="17 Jan 2022 10:21:57 GMT" time="13.425" errors="0">
  <testcase name="checkLogo" time="0.133" classname="PacktTask.PacktTask.HomePageTest"/>
  <testcase name="viewAllBooks" time="0.629" classname="PacktTask.PacktTask.HomePageTest"/>
  <testcase name="validateAppTitle" time="11.045" classname="PacktTask.PacktTask.HomePageTest"/>
  <testcase name="checkOptionForMainMenu" time="0.771" classname="PacktTask.PacktTask.HomePageTest"/>
  <testcase name="checkCarouselclick" time="0.847" classname="PacktTask.PacktTask.HomePageTest"/>
</testsuite> <!-- PacktTask.PacktTask.HomePageTest -->
