<?xml version="1.0" encoding="UTF-8"?>
<!-- Generated by org.testng.reporters.JUnitReportReporter -->
<testsuite hostname="LAPTOP-SS33S86Q" name="PacktTask.PacktTask.LoginPageTest" tests="1" failures="0" timestamp="17 Jan 2022 10:21:57 GMT" time="0.644" errors="0">
  <testcase name="login" time="0.644" classname="PacktTask.PacktTask.LoginPageTest"/>
</testsuite> <!-- PacktTask.PacktTask.LoginPageTest -->
